Arguments: 
  C:\Program Files\nodejs\node.exe C:\Users\91790\AppData\Roaming\npm\node_modules\yarn\bin\yarn.js add nativewind

PATH: 
  C:\Program Files\Microsoft\jdk-11.0.18.10-hotspot\bin;C:\WINDOWS\system32;C:\WINDOWS;C:\WINDOWS\System32\Wbem;C:\WINDOWS\System32\WindowsPowerShell\v1.0\;C:\WINDOWS\System32\OpenSSH\;C:\ProgramData\chocolatey\bin;C:\Users\91790\AppData\Local\Android\Sdk\platform-tools;C:\Program Files\Git\cmd;%NVM_HOME%;%NVM_SYMLINK%;C:\Users\91790\AppData\Local\Android\Sdk\tools;C:\Users\91790\AppData\Local\Microsoft\WindowsApps;C:\Users\91790\AppData\Local\Programs\Microsoft VS Code\bin;C:\Users\91790\AppData\Roaming\npm;C:\Users\91790\AppData\Roaming\nvm;C:\Program Files\nodejs;C:\Users\91790\AppData\Local\GitHubDesktop\bin

Yarn version: 
  1.22.19

Node version: 
  18.16.0

Platform: 
  win32 x64

Trace: 
  Error: https://registry.yarnpkg.com/@expo/cli/-/cli-0.7.3.tgz: ESOCKETTIMEDOUT
      at ClientRequest.<anonymous> (C:\Users\91790\AppData\Roaming\npm\node_modules\yarn\lib\cli.js:141517:19)
      at Object.onceWrapper (node:events:627:28)
      at ClientRequest.emit (node:events:513:28)
      at TLSSocket.emitRequestTimeout (node:_http_client:848:9)
      at Object.onceWrapper (node:events:627:28)
      at TLSSocket.emit (node:events:525:35)
      at Socket._onTimeout (node:net:570:8)
      at listOnTimeout (node:internal/timers:569:17)
      at process.processTimers (node:internal/timers:512:7)

npm manifest: 
  {
    "name": "ecommerce-app",
    "version": "1.0.0",
    "main": "node_modules/expo/AppEntry.js",
    "scripts": {
      "start": "expo start",
      "android": "expo start --android",
      "ios": "expo start --ios",
      "web": "expo start --web"
    },
    "dependencies": {
      "@expo/vector-icons": "^13.0.0",
      "@react-navigation/bottom-tabs": "^6.5.8",
      "@react-navigation/native": "^6.1.7",
      "@react-navigation/native-stack": "^6.9.13",
      "expo": "~48.0.18",
      "expo-font": "~11.1.1",
      "expo-status-bar": "~1.4.4",
     
      "react": "18.2.0",
      "react-native": "0.71.8",
      "react-native-image-slider-box": "^2.0.7",
      "react-native-safe-area-context": "^4.7.1",
      "react-native-screens": "^3.22.1",
      "react-native-snap-carousel-v4": "^1.0.1",
      
      "@react-native-async-storage/async-storage": "1.17.11"
    },
    "devDependencies": {
      "@babel/core": "^7.20.0"
    },
    "private": true
  }

yarn manifest: 
  No manifest

Lockfile: 
  No lockfile
